<?xml version="1.0" encoding="UTF-8"?>
<!-- Generated by org.testng.reporters.JUnitReportReporter -->
<testsuite hostname="DESKTOP-46VVE2N" failures="0" tests="2" name="testWorkflows.TestAddStudentWorkflow" time="22.438" errors="0" timestamp="2025-09-04T02:11:28 EEST" skipped="0">
  <testcase classname="testWorkflows.TestAddStudentWorkflow" name="testLogin" time="6.616"/>
  <testcase classname="testWorkflows.TestAddStudentWorkflow" name="testAddStudentWorkflow" time="15.822"/>
</testsuite> <!-- testWorkflows.TestAddStudentWorkflow -->
