<?xml version="1.0" encoding="UTF-8"?>
<!-- Generated by org.testng.reporters.JUnitReportReporter -->
<testsuite hostname="DESKTOP-46VVE2N" failures="0" tests="7" name="testWorkflows.TestStudentsWorkflow" time="30.689" errors="0" timestamp="2025-09-04T15:07:15 EEST" skipped="0">
  <testcase classname="testWorkflows.TestStudentsWorkflow" name="testLogin" time="4.148">
    <system-out>
      <![CDATA[Admin Logged in Successfully !]]>
    </system-out>
  </testcase> <!-- testLogin -->
  <testcase classname="testWorkflows.TestStudentsWorkflow" name="testViewAllStudents" time="2.555">
    <system-out>
      <![CDATA[Admin View All Student 
Student cards are displayed successfully]]>
    </system-out>
  </testcase> <!-- testViewAllStudents -->
  <testcase classname="testWorkflows.TestStudentsWorkflow" name="testSearchByName" time="4.142">
    <system-out>
      <![CDATA[Search results for 'Lana' displayed successfully]]>
    </system-out>
  </testcase> <!-- testSearchByName -->
  <testcase classname="testWorkflows.TestStudentsWorkflow" name="testEditStudent" time="3.289">
    <system-out>
      <![CDATA[Admin Edit Student Data
Edit Student form appeared successfully]]>
    </system-out>
  </testcase> <!-- testEditStudent -->
  <testcase classname="testWorkflows.TestStudentsWorkflow" name="testDeleteStudent" time="3.092"/>
  <testcase classname="testWorkflows.TestStudentsWorkflow" name="testViewStudentReport" time="7.219">
    <system-out>
      <![CDATA[Admin View Student Report
Student report for 'Lana' appeared successfully]]>
    </system-out>
  </testcase> <!-- testViewStudentReport -->
  <testcase classname="testWorkflows.TestStudentsWorkflow" name="testPrintList" time="6.244">
    <system-out>
      <![CDATA[Navigated to Print Basic List page
Class selection input is displayed
Class selected: Grade 10
Copy button is displayed
CSV button is displayed
Excel button is displayed
PDF button is displayed
All print buttons clicked successfully (Copy, CSV, Excel, PDF)]]>
    </system-out>
  </testcase> <!-- testPrintList -->
  <system-out>
    <![CDATA[Admin Logged in Successfully !
Admin View All Student 
Student cards are displayed successfully
Search results for 'Lana' displayed successfully
Admin Edit Student Data
Edit Student form appeared successfully
Admin View Student Report
Student report for 'Lana' appeared successfully
Navigated to Print Basic List page
Class selection input is displayed
Class selected: Grade 10
Copy button is displayed
CSV button is displayed
Excel button is displayed
PDF button is displayed
All print buttons clicked successfully (Copy, CSV, Excel, PDF)]]>
  </system-out>
</testsuite> <!-- testWorkflows.TestStudentsWorkflow -->
