<?xml version="1.0" encoding="UTF-8"?>
<!-- Generated by org.testng.reporters.JUnitReportReporter -->
<testsuite hostname="DESKTOP-46VVE2N" failures="0" tests="1" name="testWorkflows.LoginTest" time="16.359" errors="0" timestamp="2025-09-05T00:17:13 EEST" skipped="0">
  <testcase classname="testWorkflows.LoginTest" name="testLogin" time="16.359"/>
</testsuite> <!-- testWorkflows.LoginTest -->
