<?xml version="1.0" encoding="UTF-8"?>
<!-- Generated by org.testng.reporters.JUnitReportReporter -->
<testsuite hostname="DESKTOP-46VVE2N" failures="0" tests="2" name="testWorkflows.TestAddStudentWorkflow" time="24.366" errors="0" timestamp="2025-09-03T19:12:38 EEST" skipped="0">
  <testcase classname="testWorkflows.TestAddStudentWorkflow" name="testLogin" time="10.394"/>
  <testcase classname="testWorkflows.TestAddStudentWorkflow" name="testAddStudentWorkflow" time="13.972"/>
</testsuite> <!-- testWorkflows.TestAddStudentWorkflow -->
