<?xml version="1.0" encoding="UTF-8"?>
<!-- Generated by org.testng.reporters.JUnitReportReporter -->
<testsuite hostname="DESKTOP-46VVE2N" failures="0" tests="13" name="testWorkflows.Classes_Test" time="89.473" errors="0" timestamp="2025-09-05T00:30:04 EEST" skipped="0">
  <testcase classname="testWorkflows.Classes_Test" name="Login" time="42.019"/>
  <testcase classname="testWorkflows.Classes_Test" name="add_class" time="3.539"/>
  <testcase classname="testWorkflows.Classes_Test" name="add_class" time="4.868"/>
  <testcase classname="testWorkflows.Classes_Test" name="add_class" time="4.990"/>
  <testcase classname="testWorkflows.Classes_Test" name="add_class" time="3.232"/>
  <testcase classname="testWorkflows.Classes_Test" name="add_class" time="4.353"/>
  <testcase classname="testWorkflows.Classes_Test" name="add_class" time="3.623"/>
  <testcase classname="testWorkflows.Classes_Test" name="add_class" time="3.936"/>
  <testcase classname="testWorkflows.Classes_Test" name="add_class" time="3.752"/>
  <testcase classname="testWorkflows.Classes_Test" name="add_class" time="3.440"/>
  <testcase classname="testWorkflows.Classes_Test" name="add_class" time="3.775"/>
  <testcase classname="testWorkflows.Classes_Test" name="add_class" time="3.500"/>
  <testcase classname="testWorkflows.Classes_Test" name="add_class" time="4.446"/>
</testsuite> <!-- testWorkflows.Classes_Test -->
