<?xml version="1.0" encoding="UTF-8"?>
<!-- Generated by org.testng.reporters.JUnitReportReporter -->
<testsuite hostname="DESKTOP-46VVE2N" failures="0" tests="7" name="testWorkflows.TestStudentsWorkflow" time="33.316" errors="0" timestamp="2025-09-04T14:29:16 EEST" skipped="0">
  <testcase classname="testWorkflows.TestStudentsWorkflow" name="testLogin" time="3.956">
    <system-out>
      <![CDATA[Admin Logged in Successfully !]]>
    </system-out>
  </testcase> <!-- testLogin -->
  <testcase classname="testWorkflows.TestStudentsWorkflow" name="testViewAllStudents" time="3.232">
    <system-out>
      <![CDATA[Admin View All Student ]]>
    </system-out>
  </testcase> <!-- testViewAllStudents -->
  <testcase classname="testWorkflows.TestStudentsWorkflow" name="testSearchByName" time="3.354"/>
  <testcase classname="testWorkflows.TestStudentsWorkflow" name="testEditStudent" time="4.586">
    <system-out>
      <![CDATA[Admin Edit Student Data]]>
    </system-out>
  </testcase> <!-- testEditStudent -->
  <testcase classname="testWorkflows.TestStudentsWorkflow" name="testDeleteStudent" time="3.904"/>
  <testcase classname="testWorkflows.TestStudentsWorkflow" name="testViewStudentReport" time="7.823">
    <system-out>
      <![CDATA[Admin View Student Report]]>
    </system-out>
  </testcase> <!-- testViewStudentReport -->
  <testcase classname="testWorkflows.TestStudentsWorkflow" name="testPrintList" time="6.461">
    <system-out>
      <![CDATA[Navigated to Print Basic List page
Class selection input is displayed
Class selected: Grade 10
Copy button is displayed
CSV button is displayed
Excel button is displayed
PDF button is displayed
All print buttons clicked successfully (Copy, CSV, Excel, PDF)]]>
    </system-out>
  </testcase> <!-- testPrintList -->
  <system-out>
    <![CDATA[Admin Logged in Successfully !
Admin View All Student 
Admin Edit Student Data
Admin View Student Report
Navigated to Print Basic List page
Class selection input is displayed
Class selected: Grade 10
Copy button is displayed
CSV button is displayed
Excel button is displayed
PDF button is displayed
All print buttons clicked successfully (Copy, CSV, Excel, PDF)]]>
  </system-out>
</testsuite> <!-- testWorkflows.TestStudentsWorkflow -->
