<?xml version="1.0" encoding="UTF-8"?>
<!-- Generated by org.testng.reporters.JUnitReportReporter -->
<testsuite hostname="DESKTOP-46VVE2N" failures="0" tests="2" name="testWorkflows.TestAddStudentWorkflow" time="9.436" errors="0" timestamp="2025-09-04T03:08:11 EEST" skipped="0">
  <testcase classname="testWorkflows.TestAddStudentWorkflow" name="testLogin" time="1.221"/>
  <testcase classname="testWorkflows.TestAddStudentWorkflow" name="testAddStudentWorkflow" time="8.215"/>
</testsuite> <!-- testWorkflows.TestAddStudentWorkflow -->
