<?xml version="1.0" encoding="UTF-8"?>
<!-- Generated by org.testng.reporters.JUnitReportReporter -->
<testsuite hostname="DESKTOP-46VVE2N" failures="0" tests="1" name="eSkooly.eSkooly.automation.AppTest" time="0.008" errors="0" timestamp="2025-09-02T13:58:23 EEST" skipped="0">
  <testcase classname="eSkooly.eSkooly.automation.AppTest" name="testApp" time="0.008"/>
</testsuite> <!-- eSkooly.eSkooly.automation.AppTest -->
