<?xml version="1.0" encoding="UTF-8"?>
<!-- Generated by org.testng.reporters.JUnitReportReporter -->
<testsuite hostname="DESKTOP-46VVE2N" failures="0" tests="2" name="testWorkflows.TestAddStudentWorkflow" time="10.297" errors="0" timestamp="2025-09-04T22:22:10 EEST" skipped="0">
  <testcase classname="testWorkflows.TestAddStudentWorkflow" name="testLogin" time="4.545">
    <system-out>
      <![CDATA[Admin is logged In Sucessfully]]>
    </system-out>
  </testcase> <!-- testLogin -->
  <testcase classname="testWorkflows.TestAddStudentWorkflow" name="testAddStudentWorkflow" time="5.752">
    <system-out>
      <![CDATA[Admin is in Dashboard Page
Admin Click Menu 
Admin Click StudentTab
Admin Click Add New 
Admin Enter the required fields on Form
Admin Logedd Out
Student Logged In Successfully]]>
    </system-out>
  </testcase> <!-- testAddStudentWorkflow -->
  <system-out>
    <![CDATA[Admin is logged In Sucessfully
Admin is in Dashboard Page
Admin Click Menu 
Admin Click StudentTab
Admin Click Add New 
Admin Enter the required fields on Form
Admin Logedd Out
Student Logged In Successfully]]>
  </system-out>
</testsuite> <!-- testWorkflows.TestAddStudentWorkflow -->
