<?xml version="1.0" encoding="UTF-8"?>
<!-- Generated by org.testng.reporters.JUnitReportReporter -->
<testsuite hostname="DESKTOP-46VVE2N" failures="0" tests="15" name="testWorkflows.Subjects_Test" time="47.374" errors="0" timestamp="2025-09-05T00:27:33 EEST" skipped="0">
  <testcase classname="testWorkflows.Subjects_Test" name="Login" time="4.832"/>
  <testcase classname="testWorkflows.Subjects_Test" name="add_class" time="3.085"/>
  <testcase classname="testWorkflows.Subjects_Test" name="add_class" time="3.041"/>
  <testcase classname="testWorkflows.Subjects_Test" name="add_class" time="2.979"/>
  <testcase classname="testWorkflows.Subjects_Test" name="add_class" time="2.152"/>
  <testcase classname="testWorkflows.Subjects_Test" name="add_class" time="3.380"/>
  <testcase classname="testWorkflows.Subjects_Test" name="add_class" time="2.739"/>
  <testcase classname="testWorkflows.Subjects_Test" name="add_class" time="3.927"/>
  <testcase classname="testWorkflows.Subjects_Test" name="add_class" time="3.985"/>
  <testcase classname="testWorkflows.Subjects_Test" name="add_class" time="3.045"/>
  <testcase classname="testWorkflows.Subjects_Test" name="add_class" time="3.794"/>
  <testcase classname="testWorkflows.Subjects_Test" name="add_class" time="4.301"/>
  <testcase classname="testWorkflows.Subjects_Test" name="add_class" time="1.984"/>
  <testcase classname="testWorkflows.Subjects_Test" name="add_class" time="2.079"/>
  <testcase classname="testWorkflows.Subjects_Test" name="add_class" time="2.051"/>
</testsuite> <!-- testWorkflows.Subjects_Test -->
